<?xml version="1.0" encoding="UTF-8"?>
<!-- Generated by org.testng.reporters.JUnitReportReporter -->
<testsuite hostname="LAPTOP-C12I4GSB" failures="0" tests="1" name="com.testscripts.demoblazeweb.ScrollByWebElement" time="14.521" errors="0" timestamp="2025-06-19T01:49:09 IST" skipped="0">
  <testcase classname="com.testscripts.demoblazeweb.ScrollByWebElement" name="demoTest" time="14.521"/>
</testsuite> <!-- com.testscripts.demoblazeweb.ScrollByWebElement -->
